<?xml version="1.0" encoding="UTF-8"?>
<!-- Generated by org.testng.reporters.JUnitReportReporter -->
<testsuite skipped="0" hostname="DESKTOP-E9QP468" name="testcases.LoginTest" tests="2" failures="0" timestamp="11 Dec 2018 17:28:14 GMT" time="12.060" errors="0">
  <testcase name="testLoginToApplication" time="11.448" classname="testcases.LoginTest"/>
  <testcase name="FlightBook" time="0.612" classname="testcases.LoginTest"/>
</testsuite> <!-- testcases.LoginTest -->
