<?xml version="1.0" encoding="UTF-8"?>
<!-- Generated by org.testng.reporters.JUnitReportReporter -->
<testsuite skipped="0" hostname="DESKTOP-E9QP468" name="testcases.SuiteTestCases" tests="2" failures="0" timestamp="17 Dec 2018 18:44:21 GMT" time="11.082" errors="0">
  <testcase name="testLoginToApplication" time="9.826" classname="testcases.SuiteTestCases"/>
  <testcase name="oneWayFlightBook" time="1.256" classname="testcases.SuiteTestCases"/>
</testsuite> <!-- testcases.SuiteTestCases -->
